2019-11-19 15:35:53,832 [Worker-1: Loading available Gradle versions] INFO  o.e.b.c.i.u.g.PublishedGradleVersions - Gradle version information cache is out-of-date. Trying to update.
2019-11-19 15:42:58,089 [Worker-7: Import Getting Started Content] INFO  o.e.m.c.i.l.LifecycleMappingFactory - Using org.eclipse.m2e.jdt.JarLifecycleMapping lifecycle mapping for MavenProject: com.valtech:FarmerSurveyRequestApi:0.0.1-SNAPSHOT @ D:\POC\FarmerSurveyRequest\springapi\FarmerSurveyRequestApi\pom.xml.
2019-11-19 15:43:00,288 [Worker-7: Import Getting Started Content] INFO  o.e.m.j.i.AbstractJavaProjectConfigurator - Adding source folder /FarmerSurveyRequestApi/src/main/java
2019-11-19 15:43:00,289 [Worker-7: Import Getting Started Content] INFO  o.e.m.j.i.AbstractJavaProjectConfigurator - Adding resource folder /FarmerSurveyRequestApi/src/main/resources
2019-11-19 15:43:00,297 [Worker-7: Import Getting Started Content] INFO  o.e.m.j.i.AbstractJavaProjectConfigurator - Adding resource folder /FarmerSurveyRequestApi/src/main/resources
2019-11-19 15:43:00,306 [Worker-7: Import Getting Started Content] INFO  o.e.m.j.i.AbstractJavaProjectConfigurator - Adding source folder /FarmerSurveyRequestApi/src/test/java
2019-11-19 15:43:01,224 [Worker-7: Import Getting Started Content] INFO  o.e.m.c.i.p.ProjectConfigurationManager - Imported and configured 1 project(s) in 5 sec
2019-11-19 15:43:01,227 [Worker-7: Import Getting Started Content] INFO  o.e.m.c.i.p.ProjectConfigurationManager - Update started
2019-11-19 15:43:02,022 [Worker-7: Import Getting Started Content] INFO  o.e.m.c.i.l.LifecycleMappingFactory - Using org.eclipse.m2e.jdt.JarLifecycleMapping lifecycle mapping for MavenProject: com.valtech:FarmerSurveyRequestApi:0.0.1-SNAPSHOT @ D:\POC\FarmerSurveyRequest\springapi\FarmerSurveyRequestApi\pom.xml.
2019-11-19 15:43:02,882 [Worker-7: Import Getting Started Content] INFO  o.e.m.j.i.AbstractJavaProjectConfigurator - Adding source folder /FarmerSurveyRequestApi/src/main/java
2019-11-19 15:43:02,882 [Worker-7: Import Getting Started Content] INFO  o.e.m.j.i.AbstractJavaProjectConfigurator - Adding resource folder /FarmerSurveyRequestApi/src/main/resources
2019-11-19 15:43:02,882 [Worker-7: Import Getting Started Content] INFO  o.e.m.j.i.AbstractJavaProjectConfigurator - Adding resource folder /FarmerSurveyRequestApi/src/main/resources
2019-11-19 15:43:02,883 [Worker-7: Import Getting Started Content] INFO  o.e.m.j.i.AbstractJavaProjectConfigurator - Adding source folder /FarmerSurveyRequestApi/src/test/java
2019-11-19 15:43:03,146 [Worker-7: Import Getting Started Content] INFO  o.e.m.c.i.p.ProjectConfigurationManager - Update completed: 1 sec
2019-11-19 15:43:04,309 [Worker-13: Building workspace] INFO  o.e.m.c.i.embedder.EclipseLogger - Using 'UTF-8' encoding to copy filtered resources.
2019-11-19 15:43:04,314 [Worker-13: Building workspace] INFO  o.e.m.c.i.embedder.EclipseLogger - Copying 1 resource
2019-11-19 15:43:04,328 [Worker-13: Building workspace] INFO  o.e.m.c.i.embedder.EclipseLogger - Copying 0 resource
2019-11-19 15:43:04,332 [Worker-13: Building workspace] INFO  o.e.m.c.i.embedder.EclipseLogger - Using 'UTF-8' encoding to copy filtered resources.
2019-11-19 15:43:04,332 [Worker-13: Building workspace] INFO  o.e.m.c.i.embedder.EclipseLogger - skip non existing resourceDirectory D:\POC\FarmerSurveyRequest\springapi\FarmerSurveyRequestApi\src\test\resources
2019-11-19 15:44:48,945 [Worker-14: Building workspace] INFO  o.e.m.c.i.embedder.EclipseLogger - Using 'UTF-8' encoding to copy filtered resources.
2019-11-19 15:44:48,949 [Worker-14: Building workspace] INFO  o.e.m.c.i.embedder.EclipseLogger - Copying 1 resource
2019-11-19 15:44:48,951 [Worker-14: Building workspace] INFO  o.e.m.c.i.embedder.EclipseLogger - Copying 0 resource
2019-11-19 15:44:48,953 [Worker-14: Building workspace] INFO  o.e.m.c.i.embedder.EclipseLogger - Using 'UTF-8' encoding to copy filtered resources.
2019-11-19 15:44:48,953 [Worker-14: Building workspace] INFO  o.e.m.c.i.embedder.EclipseLogger - skip non existing resourceDirectory D:\POC\FarmerSurveyRequest\springapi\FarmerSurveyRequestApi\src\test\resources
2019-11-19 15:45:24,114 [Worker-17: Building workspace] INFO  o.e.m.c.i.embedder.EclipseLogger - Using 'UTF-8' encoding to copy filtered resources.
2019-11-19 15:45:24,115 [Worker-17: Building workspace] INFO  o.e.m.c.i.embedder.EclipseLogger - Copying 1 resource
2019-11-19 15:45:24,117 [Worker-17: Building workspace] INFO  o.e.m.c.i.embedder.EclipseLogger - Copying 0 resource
2019-11-19 15:45:24,119 [Worker-17: Building workspace] INFO  o.e.m.c.i.embedder.EclipseLogger - Using 'UTF-8' encoding to copy filtered resources.
2019-11-19 15:45:24,119 [Worker-17: Building workspace] INFO  o.e.m.c.i.embedder.EclipseLogger - skip non existing resourceDirectory D:\POC\FarmerSurveyRequest\springapi\FarmerSurveyRequestApi\src\test\resources
2019-11-19 15:45:27,764 [Worker-13: Building workspace] INFO  o.e.m.c.i.embedder.EclipseLogger - Using 'UTF-8' encoding to copy filtered resources.
2019-11-19 15:45:27,764 [Worker-13: Building workspace] INFO  o.e.m.c.i.embedder.EclipseLogger - Copying 1 resource
2019-11-19 15:45:27,765 [Worker-13: Building workspace] INFO  o.e.m.c.i.embedder.EclipseLogger - Copying 0 resource
2019-11-19 15:45:27,767 [Worker-13: Building workspace] INFO  o.e.m.c.i.embedder.EclipseLogger - Using 'UTF-8' encoding to copy filtered resources.
2019-11-19 15:45:27,767 [Worker-13: Building workspace] INFO  o.e.m.c.i.embedder.EclipseLogger - skip non existing resourceDirectory D:\POC\FarmerSurveyRequest\springapi\FarmerSurveyRequestApi\src\test\resources
2019-11-19 15:49:26,026 [Worker-16: Building workspace] INFO  o.e.m.c.i.embedder.EclipseLogger - Using 'UTF-8' encoding to copy filtered resources.
2019-11-19 15:49:26,027 [Worker-16: Building workspace] INFO  o.e.m.c.i.embedder.EclipseLogger - Copying 1 resource
2019-11-19 15:49:26,029 [Worker-16: Building workspace] INFO  o.e.m.c.i.embedder.EclipseLogger - Copying 0 resource
2019-11-19 15:49:26,031 [Worker-16: Building workspace] INFO  o.e.m.c.i.embedder.EclipseLogger - Using 'UTF-8' encoding to copy filtered resources.
2019-11-19 15:49:26,031 [Worker-16: Building workspace] INFO  o.e.m.c.i.embedder.EclipseLogger - skip non existing resourceDirectory D:\POC\FarmerSurveyRequest\springapi\FarmerSurveyRequestApi\src\test\resources
2019-11-19 15:49:42,542 [Worker-16: Building workspace] INFO  o.e.m.c.i.embedder.EclipseLogger - Using 'UTF-8' encoding to copy filtered resources.
2019-11-19 15:49:42,543 [Worker-16: Building workspace] INFO  o.e.m.c.i.embedder.EclipseLogger - Copying 1 resource
2019-11-19 15:49:42,549 [Worker-16: Building workspace] INFO  o.e.m.c.i.embedder.EclipseLogger - Copying 0 resource
2019-11-19 15:49:42,551 [Worker-16: Building workspace] INFO  o.e.m.c.i.embedder.EclipseLogger - Using 'UTF-8' encoding to copy filtered resources.
2019-11-19 15:49:42,551 [Worker-16: Building workspace] INFO  o.e.m.c.i.embedder.EclipseLogger - skip non existing resourceDirectory D:\POC\FarmerSurveyRequest\springapi\FarmerSurveyRequestApi\src\test\resources
2019-11-19 15:50:30,677 [Worker-18: Building workspace] INFO  o.e.m.c.i.l.LifecycleMappingFactory - Using org.eclipse.m2e.jdt.JarLifecycleMapping lifecycle mapping for MavenProject: com.valtech:FarmerSurveyRequestApi:0.0.1-SNAPSHOT @ D:\POC\FarmerSurveyRequest\springapi\FarmerSurveyRequestApi\pom.xml.
2019-11-19 15:50:31,724 [Worker-18: Building workspace] INFO  o.e.m.c.i.embedder.EclipseLogger - Using 'UTF-8' encoding to copy filtered resources.
2019-11-19 15:50:31,726 [Worker-18: Building workspace] INFO  o.e.m.c.i.embedder.EclipseLogger - Copying 0 resource
2019-11-19 15:50:31,727 [Worker-18: Building workspace] INFO  o.e.m.c.i.embedder.EclipseLogger - Copying 0 resource
2019-11-19 15:50:31,728 [Worker-18: Building workspace] INFO  o.e.m.c.i.embedder.EclipseLogger - Using 'UTF-8' encoding to copy filtered resources.
2019-11-19 15:50:31,729 [Worker-18: Building workspace] INFO  o.e.m.c.i.embedder.EclipseLogger - skip non existing resourceDirectory D:\POC\FarmerSurveyRequest\springapi\FarmerSurveyRequestApi\src\test\resources
2019-11-19 15:50:34,122 [Worker-1: Building workspace] INFO  o.e.m.c.i.embedder.EclipseLogger - Using 'UTF-8' encoding to copy filtered resources.
2019-11-19 15:50:34,123 [Worker-1: Building workspace] INFO  o.e.m.c.i.embedder.EclipseLogger - Copying 1 resource
2019-11-19 15:50:34,141 [Worker-1: Building workspace] INFO  o.e.m.c.i.embedder.EclipseLogger - Copying 0 resource
2019-11-19 15:50:34,144 [Worker-1: Building workspace] INFO  o.e.m.c.i.embedder.EclipseLogger - Using 'UTF-8' encoding to copy filtered resources.
2019-11-19 15:50:34,144 [Worker-1: Building workspace] INFO  o.e.m.c.i.embedder.EclipseLogger - skip non existing resourceDirectory D:\POC\FarmerSurveyRequest\springapi\FarmerSurveyRequestApi\src\test\resources
2019-11-20 14:47:51,511 [Worker-30: Import Getting Started Content] INFO  o.e.m.c.i.l.LifecycleMappingFactory - Using org.eclipse.m2e.jdt.JarLifecycleMapping lifecycle mapping for MavenProject: com.jdbcmysql:SpringJDBCMysql:0.0.1-SNAPSHOT @ D:\POC\FarmerSurveyRequest\springapi\SpringJDBCMysql\pom.xml.
2019-11-20 14:47:52,627 [Worker-30: Import Getting Started Content] INFO  o.e.m.j.i.AbstractJavaProjectConfigurator - Adding source folder /SpringJDBCMysql/src/main/java
2019-11-20 14:47:52,627 [Worker-30: Import Getting Started Content] INFO  o.e.m.j.i.AbstractJavaProjectConfigurator - Adding resource folder /SpringJDBCMysql/src/main/resources
2019-11-20 14:47:52,642 [Worker-30: Import Getting Started Content] INFO  o.e.m.j.i.AbstractJavaProjectConfigurator - Adding resource folder /SpringJDBCMysql/src/main/resources
2019-11-20 14:47:52,657 [Worker-30: Import Getting Started Content] INFO  o.e.m.j.i.AbstractJavaProjectConfigurator - Adding source folder /SpringJDBCMysql/src/test/java
2019-11-20 14:47:55,940 [Worker-30: Import Getting Started Content] INFO  o.e.m.c.i.p.ProjectConfigurationManager - Imported and configured 1 project(s) in 5 sec
2019-11-20 14:47:55,942 [Worker-30: Import Getting Started Content] INFO  o.e.m.c.i.p.ProjectConfigurationManager - Update started
2019-11-20 14:47:56,741 [Worker-30: Import Getting Started Content] INFO  o.e.m.c.i.l.LifecycleMappingFactory - Using org.eclipse.m2e.jdt.JarLifecycleMapping lifecycle mapping for MavenProject: com.jdbcmysql:SpringJDBCMysql:0.0.1-SNAPSHOT @ D:\POC\FarmerSurveyRequest\springapi\SpringJDBCMysql\pom.xml.
2019-11-20 14:47:57,402 [Worker-30: Import Getting Started Content] INFO  o.e.m.j.i.AbstractJavaProjectConfigurator - Adding source folder /SpringJDBCMysql/src/main/java
2019-11-20 14:47:57,402 [Worker-30: Import Getting Started Content] INFO  o.e.m.j.i.AbstractJavaProjectConfigurator - Adding resource folder /SpringJDBCMysql/src/main/resources
2019-11-20 14:47:57,406 [Worker-30: Import Getting Started Content] INFO  o.e.m.j.i.AbstractJavaProjectConfigurator - Adding resource folder /SpringJDBCMysql/src/main/resources
2019-11-20 14:47:57,417 [Worker-30: Import Getting Started Content] INFO  o.e.m.j.i.AbstractJavaProjectConfigurator - Adding source folder /SpringJDBCMysql/src/test/java
2019-11-20 14:47:57,864 [Worker-30: Import Getting Started Content] INFO  o.e.m.c.i.p.ProjectConfigurationManager - Update completed: 1 sec
2019-11-20 14:47:59,827 [Worker-38: Building workspace] INFO  o.e.m.c.i.embedder.EclipseLogger - Using 'UTF-8' encoding to copy filtered resources.
2019-11-20 14:47:59,828 [Worker-38: Building workspace] INFO  o.e.m.c.i.embedder.EclipseLogger - Copying 1 resource
2019-11-20 14:47:59,829 [Worker-38: Building workspace] INFO  o.e.m.c.i.embedder.EclipseLogger - Copying 0 resource
2019-11-20 14:47:59,831 [Worker-38: Building workspace] INFO  o.e.m.c.i.embedder.EclipseLogger - Using 'UTF-8' encoding to copy filtered resources.
2019-11-20 14:47:59,832 [Worker-38: Building workspace] INFO  o.e.m.c.i.embedder.EclipseLogger - skip non existing resourceDirectory D:\POC\FarmerSurveyRequest\springapi\SpringJDBCMysql\src\test\resources
2019-11-20 14:48:26,360 [Worker-14: Building workspace] INFO  o.e.m.c.i.l.LifecycleMappingFactory - Using org.eclipse.m2e.jdt.JarLifecycleMapping lifecycle mapping for MavenProject: com.jdbcmysql:SpringJDBCMysql:0.0.1-SNAPSHOT @ D:\POC\FarmerSurveyRequest\springapi\SpringJDBCMysql\pom.xml.
2019-11-20 14:48:27,625 [Worker-14: Building workspace] INFO  o.e.m.c.i.e.AbstractTransferListenerAdapter - Downloading https://repo.maven.apache.org/maven2/org/springframework/spring-jdbc/4.2.3.RELEASE/spring-jdbc-4.2.3.RELEASE.pom
2019-11-20 14:48:27,807 [Worker-14: Building workspace] INFO  o.e.m.c.i.e.AbstractTransferListenerAdapter - Downloaded https://repo.maven.apache.org/maven2/org/springframework/spring-jdbc/4.2.3.RELEASE/spring-jdbc-4.2.3.RELEASE.pom
2019-11-20 14:48:27,961 [Worker-14: Building workspace] INFO  o.e.m.c.i.e.AbstractTransferListenerAdapter - Downloading https://repo.maven.apache.org/maven2/mysql/mysql-connector-java/5.1.44/mysql-connector-java-5.1.44.pom
2019-11-20 14:48:28,099 [Worker-14: Building workspace] INFO  o.e.m.c.i.e.AbstractTransferListenerAdapter - Downloaded https://repo.maven.apache.org/maven2/mysql/mysql-connector-java/5.1.44/mysql-connector-java-5.1.44.pom
2019-11-20 14:48:28,412 [Worker-14: Building workspace] INFO  o.e.m.c.i.e.AbstractTransferListenerAdapter - Downloading https://repo.maven.apache.org/maven2/org/springframework/spring-jdbc/4.2.3.RELEASE/spring-jdbc-4.2.3.RELEASE.jar
2019-11-20 14:48:29,484 [Worker-14: Building workspace] INFO  o.e.m.c.i.e.AbstractTransferListenerAdapter - Downloaded https://repo.maven.apache.org/maven2/org/springframework/spring-jdbc/4.2.3.RELEASE/spring-jdbc-4.2.3.RELEASE.jar
2019-11-20 14:48:29,655 [Worker-14: Building workspace] INFO  o.e.m.c.i.e.AbstractTransferListenerAdapter - Downloading https://repo.maven.apache.org/maven2/mysql/mysql-connector-java/5.1.44/mysql-connector-java-5.1.44.jar
2019-11-20 14:48:30,096 [Worker-14: Building workspace] INFO  o.e.m.c.i.e.AbstractTransferListenerAdapter - Downloaded https://repo.maven.apache.org/maven2/mysql/mysql-connector-java/5.1.44/mysql-connector-java-5.1.44.jar
2019-11-20 14:48:30,606 [Worker-14: Building workspace] INFO  o.e.m.c.i.embedder.EclipseLogger - Using 'UTF-8' encoding to copy filtered resources.
2019-11-20 14:48:30,606 [Worker-14: Building workspace] INFO  o.e.m.c.i.embedder.EclipseLogger - Copying 0 resource
2019-11-20 14:48:30,606 [Worker-14: Building workspace] INFO  o.e.m.c.i.embedder.EclipseLogger - Copying 0 resource
2019-11-20 14:48:30,609 [Worker-14: Building workspace] INFO  o.e.m.c.i.embedder.EclipseLogger - Using 'UTF-8' encoding to copy filtered resources.
2019-11-20 14:48:30,609 [Worker-14: Building workspace] INFO  o.e.m.c.i.embedder.EclipseLogger - skip non existing resourceDirectory D:\POC\FarmerSurveyRequest\springapi\SpringJDBCMysql\src\test\resources
2019-11-20 14:48:31,651 [Worker-36: Building workspace] INFO  o.e.m.c.i.embedder.EclipseLogger - Using 'UTF-8' encoding to copy filtered resources.
2019-11-20 14:48:31,652 [Worker-36: Building workspace] INFO  o.e.m.c.i.embedder.EclipseLogger - Copying 1 resource
2019-11-20 14:48:31,653 [Worker-36: Building workspace] INFO  o.e.m.c.i.embedder.EclipseLogger - Copying 0 resource
2019-11-20 14:48:31,655 [Worker-36: Building workspace] INFO  o.e.m.c.i.embedder.EclipseLogger - Using 'UTF-8' encoding to copy filtered resources.
2019-11-20 14:48:31,655 [Worker-36: Building workspace] INFO  o.e.m.c.i.embedder.EclipseLogger - skip non existing resourceDirectory D:\POC\FarmerSurveyRequest\springapi\SpringJDBCMysql\src\test\resources
2019-11-20 14:48:32,241 [Worker-30: Download sources and javadoc] INFO  o.e.m.c.i.e.AbstractTransferListenerAdapter - Downloading https://repo.maven.apache.org/maven2/org/springframework/spring-jdbc/4.2.3.RELEASE/spring-jdbc-4.2.3.RELEASE-sources.jar
2019-11-20 14:48:33,239 [Worker-30: Download sources and javadoc] INFO  o.e.m.c.i.e.AbstractTransferListenerAdapter - Downloaded https://repo.maven.apache.org/maven2/org/springframework/spring-jdbc/4.2.3.RELEASE/spring-jdbc-4.2.3.RELEASE-sources.jar
2019-11-20 14:48:33,337 [Worker-30: Download sources and javadoc] INFO  o.e.m.j.internal.DownloadSourcesJob - Downloaded sources for org.springframework:spring-jdbc:4.2.3.RELEASE
2019-11-20 14:48:33,926 [Worker-30: Download sources and javadoc] INFO  o.e.m.c.i.e.AbstractTransferListenerAdapter - Downloading https://repo.maven.apache.org/maven2/mysql/mysql-connector-java/5.1.44/mysql-connector-java-5.1.44-sources.jar
2019-11-20 14:48:35,217 [Worker-30: Download sources and javadoc] INFO  o.e.m.c.i.e.AbstractTransferListenerAdapter - Downloaded https://repo.maven.apache.org/maven2/mysql/mysql-connector-java/5.1.44/mysql-connector-java-5.1.44-sources.jar
2019-11-20 14:48:35,321 [Worker-30: Download sources and javadoc] INFO  o.e.m.j.internal.DownloadSourcesJob - Downloaded sources for mysql:mysql-connector-java:5.1.44
2019-11-20 14:48:35,711 [Worker-38: Building workspace] INFO  o.e.m.c.i.embedder.EclipseLogger - Using 'UTF-8' encoding to copy filtered resources.
2019-11-20 14:48:35,711 [Worker-38: Building workspace] INFO  o.e.m.c.i.embedder.EclipseLogger - Copying 0 resource
2019-11-20 14:48:35,711 [Worker-38: Building workspace] INFO  o.e.m.c.i.embedder.EclipseLogger - Copying 0 resource
2019-11-20 14:48:35,713 [Worker-38: Building workspace] INFO  o.e.m.c.i.embedder.EclipseLogger - Using 'UTF-8' encoding to copy filtered resources.
2019-11-20 14:48:35,713 [Worker-38: Building workspace] INFO  o.e.m.c.i.embedder.EclipseLogger - skip non existing resourceDirectory D:\POC\FarmerSurveyRequest\springapi\SpringJDBCMysql\src\test\resources
2019-11-20 14:49:02,558 [Worker-30: Building workspace] INFO  o.e.m.c.i.embedder.EclipseLogger - Using 'UTF-8' encoding to copy filtered resources.
2019-11-20 14:49:02,558 [Worker-30: Building workspace] INFO  o.e.m.c.i.embedder.EclipseLogger - Copying 0 resource
2019-11-20 14:49:02,558 [Worker-30: Building workspace] INFO  o.e.m.c.i.embedder.EclipseLogger - Copying 1 resource
2019-11-20 14:49:02,569 [Worker-30: Building workspace] INFO  o.e.m.c.i.embedder.EclipseLogger - Using 'UTF-8' encoding to copy filtered resources.
2019-11-20 14:49:02,569 [Worker-30: Building workspace] INFO  o.e.m.c.i.embedder.EclipseLogger - skip non existing resourceDirectory D:\POC\FarmerSurveyRequest\springapi\SpringJDBCMysql\src\test\resources
2019-11-20 14:49:06,160 [Worker-39: Building workspace] INFO  o.e.m.c.i.embedder.EclipseLogger - Using 'UTF-8' encoding to copy filtered resources.
2019-11-20 14:49:06,160 [Worker-39: Building workspace] INFO  o.e.m.c.i.embedder.EclipseLogger - Copying 0 resource
2019-11-20 14:49:06,161 [Worker-39: Building workspace] INFO  o.e.m.c.i.embedder.EclipseLogger - Copying 1 resource
2019-11-20 14:49:06,174 [Worker-39: Building workspace] INFO  o.e.m.c.i.embedder.EclipseLogger - Using 'UTF-8' encoding to copy filtered resources.
2019-11-20 14:49:06,174 [Worker-39: Building workspace] INFO  o.e.m.c.i.embedder.EclipseLogger - skip non existing resourceDirectory D:\POC\FarmerSurveyRequest\springapi\SpringJDBCMysql\src\test\resources
2019-11-20 14:49:32,598 [Worker-39: Building workspace] INFO  o.e.m.c.i.embedder.EclipseLogger - Using 'UTF-8' encoding to copy filtered resources.
2019-11-20 14:49:32,599 [Worker-39: Building workspace] INFO  o.e.m.c.i.embedder.EclipseLogger - Copying 1 resource
2019-11-20 14:49:32,601 [Worker-39: Building workspace] INFO  o.e.m.c.i.embedder.EclipseLogger - Copying 1 resource
2019-11-20 14:49:32,603 [Worker-39: Building workspace] INFO  o.e.m.c.i.embedder.EclipseLogger - Using 'UTF-8' encoding to copy filtered resources.
2019-11-20 14:49:32,603 [Worker-39: Building workspace] INFO  o.e.m.c.i.embedder.EclipseLogger - skip non existing resourceDirectory D:\POC\FarmerSurveyRequest\springapi\SpringJDBCMysql\src\test\resources
2019-11-20 14:52:57,381 [Worker-37: Building workspace] INFO  o.e.m.c.i.embedder.EclipseLogger - Using 'UTF-8' encoding to copy filtered resources.
2019-11-20 14:52:57,381 [Worker-37: Building workspace] INFO  o.e.m.c.i.embedder.EclipseLogger - Copying 1 resource
2019-11-20 14:52:57,383 [Worker-37: Building workspace] INFO  o.e.m.c.i.embedder.EclipseLogger - Copying 1 resource
2019-11-20 14:52:57,387 [Worker-37: Building workspace] INFO  o.e.m.c.i.embedder.EclipseLogger - Using 'UTF-8' encoding to copy filtered resources.
2019-11-20 14:52:57,387 [Worker-37: Building workspace] INFO  o.e.m.c.i.embedder.EclipseLogger - skip non existing resourceDirectory D:\POC\FarmerSurveyRequest\springapi\SpringJDBCMysql\src\test\resources
2019-11-20 14:53:35,691 [Worker-30: Building workspace] INFO  o.e.m.c.i.embedder.EclipseLogger - Using 'UTF-8' encoding to copy filtered resources.
2019-11-20 14:53:35,691 [Worker-30: Building workspace] INFO  o.e.m.c.i.embedder.EclipseLogger - Copying 1 resource
2019-11-20 14:53:35,693 [Worker-30: Building workspace] INFO  o.e.m.c.i.embedder.EclipseLogger - Copying 1 resource
2019-11-20 14:53:35,695 [Worker-30: Building workspace] INFO  o.e.m.c.i.embedder.EclipseLogger - Using 'UTF-8' encoding to copy filtered resources.
2019-11-20 14:53:35,695 [Worker-30: Building workspace] INFO  o.e.m.c.i.embedder.EclipseLogger - skip non existing resourceDirectory D:\POC\FarmerSurveyRequest\springapi\SpringJDBCMysql\src\test\resources
2019-11-20 14:53:42,544 [Worker-30: Building workspace] INFO  o.e.m.c.i.embedder.EclipseLogger - Using 'UTF-8' encoding to copy filtered resources.
2019-11-20 14:53:42,545 [Worker-30: Building workspace] INFO  o.e.m.c.i.embedder.EclipseLogger - Copying 1 resource
2019-11-20 14:53:42,546 [Worker-30: Building workspace] INFO  o.e.m.c.i.embedder.EclipseLogger - Copying 1 resource
2019-11-20 14:53:42,548 [Worker-30: Building workspace] INFO  o.e.m.c.i.embedder.EclipseLogger - Using 'UTF-8' encoding to copy filtered resources.
2019-11-20 14:53:42,548 [Worker-30: Building workspace] INFO  o.e.m.c.i.embedder.EclipseLogger - skip non existing resourceDirectory D:\POC\FarmerSurveyRequest\springapi\SpringJDBCMysql\src\test\resources
2019-11-20 14:53:51,442 [Worker-37: Building workspace] INFO  o.e.m.c.i.embedder.EclipseLogger - Using 'UTF-8' encoding to copy filtered resources.
2019-11-20 14:53:51,442 [Worker-37: Building workspace] INFO  o.e.m.c.i.embedder.EclipseLogger - Copying 1 resource
2019-11-20 14:53:51,444 [Worker-37: Building workspace] INFO  o.e.m.c.i.embedder.EclipseLogger - Copying 1 resource
2019-11-20 14:53:51,446 [Worker-37: Building workspace] INFO  o.e.m.c.i.embedder.EclipseLogger - Using 'UTF-8' encoding to copy filtered resources.
2019-11-20 14:53:51,446 [Worker-37: Building workspace] INFO  o.e.m.c.i.embedder.EclipseLogger - skip non existing resourceDirectory D:\POC\FarmerSurveyRequest\springapi\SpringJDBCMysql\src\test\resources
2019-11-20 15:30:32,435 [Worker-14: Building workspace] INFO  o.e.m.c.i.embedder.EclipseLogger - Using 'UTF-8' encoding to copy filtered resources.
2019-11-20 15:30:32,437 [Worker-14: Building workspace] INFO  o.e.m.c.i.embedder.EclipseLogger - Copying 1 resource
2019-11-20 15:30:32,438 [Worker-14: Building workspace] INFO  o.e.m.c.i.embedder.EclipseLogger - Copying 1 resource
2019-11-20 15:30:32,442 [Worker-14: Building workspace] INFO  o.e.m.c.i.embedder.EclipseLogger - Using 'UTF-8' encoding to copy filtered resources.
2019-11-20 15:30:32,443 [Worker-14: Building workspace] INFO  o.e.m.c.i.embedder.EclipseLogger - skip non existing resourceDirectory D:\POC\FarmerSurveyRequest\springapi\SpringJDBCMysql\src\test\resources
2019-11-21 14:23:52,384 [Worker-78: Building workspace] INFO  o.e.m.c.i.embedder.EclipseLogger - Using 'UTF-8' encoding to copy filtered resources.
2019-11-21 14:23:52,387 [Worker-78: Building workspace] INFO  o.e.m.c.i.embedder.EclipseLogger - Copying 1 resource
2019-11-21 14:23:52,397 [Worker-78: Building workspace] INFO  o.e.m.c.i.embedder.EclipseLogger - Copying 0 resource
2019-11-21 14:23:52,402 [Worker-78: Building workspace] INFO  o.e.m.c.i.embedder.EclipseLogger - Using 'UTF-8' encoding to copy filtered resources.
2019-11-21 14:23:52,402 [Worker-78: Building workspace] INFO  o.e.m.c.i.embedder.EclipseLogger - skip non existing resourceDirectory D:\POC\FarmerSurveyRequest\springapi\FarmerSurveyRequestApi\src\test\resources
2019-11-21 14:27:01,471 [Worker-72: Building workspace] INFO  o.e.m.c.i.embedder.EclipseLogger - Using 'UTF-8' encoding to copy filtered resources.
2019-11-21 14:27:01,472 [Worker-72: Building workspace] INFO  o.e.m.c.i.embedder.EclipseLogger - Copying 1 resource
2019-11-21 14:27:01,474 [Worker-72: Building workspace] INFO  o.e.m.c.i.embedder.EclipseLogger - Copying 0 resource
2019-11-21 14:27:01,477 [Worker-72: Building workspace] INFO  o.e.m.c.i.embedder.EclipseLogger - Using 'UTF-8' encoding to copy filtered resources.
2019-11-21 14:27:01,477 [Worker-72: Building workspace] INFO  o.e.m.c.i.embedder.EclipseLogger - skip non existing resourceDirectory D:\POC\FarmerSurveyRequest\springapi\FarmerSurveyRequestApi\src\test\resources
2019-11-21 14:27:17,042 [Worker-79: Building workspace] INFO  o.e.m.c.i.embedder.EclipseLogger - Using 'UTF-8' encoding to copy filtered resources.
2019-11-21 14:27:17,043 [Worker-79: Building workspace] INFO  o.e.m.c.i.embedder.EclipseLogger - Copying 1 resource
2019-11-21 14:27:17,044 [Worker-79: Building workspace] INFO  o.e.m.c.i.embedder.EclipseLogger - Copying 0 resource
2019-11-21 14:27:17,046 [Worker-79: Building workspace] INFO  o.e.m.c.i.embedder.EclipseLogger - Using 'UTF-8' encoding to copy filtered resources.
2019-11-21 14:27:17,046 [Worker-79: Building workspace] INFO  o.e.m.c.i.embedder.EclipseLogger - skip non existing resourceDirectory D:\POC\FarmerSurveyRequest\springapi\FarmerSurveyRequestApi\src\test\resources
2019-11-21 14:27:47,841 [Worker-79: Building workspace] INFO  o.e.m.c.i.embedder.EclipseLogger - Using 'UTF-8' encoding to copy filtered resources.
2019-11-21 14:27:47,841 [Worker-79: Building workspace] INFO  o.e.m.c.i.embedder.EclipseLogger - Copying 1 resource
2019-11-21 14:27:47,843 [Worker-79: Building workspace] INFO  o.e.m.c.i.embedder.EclipseLogger - Copying 0 resource
2019-11-21 14:27:47,846 [Worker-79: Building workspace] INFO  o.e.m.c.i.embedder.EclipseLogger - Using 'UTF-8' encoding to copy filtered resources.
2019-11-21 14:27:47,846 [Worker-79: Building workspace] INFO  o.e.m.c.i.embedder.EclipseLogger - skip non existing resourceDirectory D:\POC\FarmerSurveyRequest\springapi\FarmerSurveyRequestApi\src\test\resources
2019-11-21 14:27:55,708 [Worker-78: Building workspace] INFO  o.e.m.c.i.embedder.EclipseLogger - Using 'UTF-8' encoding to copy filtered resources.
2019-11-21 14:27:55,709 [Worker-78: Building workspace] INFO  o.e.m.c.i.embedder.EclipseLogger - Copying 1 resource
2019-11-21 14:27:55,711 [Worker-78: Building workspace] INFO  o.e.m.c.i.embedder.EclipseLogger - Copying 0 resource
2019-11-21 14:27:55,715 [Worker-78: Building workspace] INFO  o.e.m.c.i.embedder.EclipseLogger - Using 'UTF-8' encoding to copy filtered resources.
2019-11-21 14:27:55,715 [Worker-78: Building workspace] INFO  o.e.m.c.i.embedder.EclipseLogger - skip non existing resourceDirectory D:\POC\FarmerSurveyRequest\springapi\FarmerSurveyRequestApi\src\test\resources
2019-11-21 18:01:19,351 [Worker-87: Building workspace] INFO  o.e.m.c.i.embedder.EclipseLogger - Using 'UTF-8' encoding to copy filtered resources.
2019-11-21 18:01:19,353 [Worker-87: Building workspace] INFO  o.e.m.c.i.embedder.EclipseLogger - Copying 1 resource
2019-11-21 18:01:19,356 [Worker-87: Building workspace] INFO  o.e.m.c.i.embedder.EclipseLogger - Copying 0 resource
2019-11-21 18:01:19,359 [Worker-87: Building workspace] INFO  o.e.m.c.i.embedder.EclipseLogger - Using 'UTF-8' encoding to copy filtered resources.
2019-11-21 18:01:19,359 [Worker-87: Building workspace] INFO  o.e.m.c.i.embedder.EclipseLogger - skip non existing resourceDirectory D:\POC\FarmerSurveyRequest\springapi\FarmerSurveyRequestApi\src\test\resources
2019-11-22 10:22:35,071 [Worker-94: Building workspace] INFO  o.e.m.c.i.embedder.EclipseLogger - Using 'UTF-8' encoding to copy filtered resources.
2019-11-22 10:22:35,073 [Worker-94: Building workspace] INFO  o.e.m.c.i.embedder.EclipseLogger - Copying 1 resource
2019-11-22 10:22:35,077 [Worker-94: Building workspace] INFO  o.e.m.c.i.embedder.EclipseLogger - Copying 0 resource
2019-11-22 10:22:35,082 [Worker-94: Building workspace] INFO  o.e.m.c.i.embedder.EclipseLogger - Using 'UTF-8' encoding to copy filtered resources.
2019-11-22 10:22:35,083 [Worker-94: Building workspace] INFO  o.e.m.c.i.embedder.EclipseLogger - skip non existing resourceDirectory D:\POC\FarmerSurveyRequest\springapi\FarmerSurveyRequestApi\src\test\resources
2019-11-22 10:23:31,326 [Worker-92: Building workspace] INFO  o.e.m.c.i.l.LifecycleMappingFactory - Using org.eclipse.m2e.jdt.JarLifecycleMapping lifecycle mapping for MavenProject: com.valtech:FarmerSurveyRequestApi:0.0.1-SNAPSHOT @ D:\POC\FarmerSurveyRequest\springapi\FarmerSurveyRequestApi\pom.xml.
2019-11-22 10:23:33,808 [Worker-92: Building workspace] INFO  o.e.m.c.i.embedder.EclipseLogger - Using 'UTF-8' encoding to copy filtered resources.
2019-11-22 10:23:33,808 [Worker-92: Building workspace] INFO  o.e.m.c.i.embedder.EclipseLogger - Copying 0 resource
2019-11-22 10:23:33,809 [Worker-92: Building workspace] INFO  o.e.m.c.i.embedder.EclipseLogger - Copying 0 resource
2019-11-22 10:23:33,810 [Worker-92: Building workspace] INFO  o.e.m.c.i.embedder.EclipseLogger - Using 'UTF-8' encoding to copy filtered resources.
2019-11-22 10:23:33,811 [Worker-92: Building workspace] INFO  o.e.m.c.i.embedder.EclipseLogger - skip non existing resourceDirectory D:\POC\FarmerSurveyRequest\springapi\FarmerSurveyRequestApi\src\test\resources
2019-11-22 10:23:35,342 [Worker-92: Building workspace] INFO  o.e.m.c.i.embedder.EclipseLogger - Using 'UTF-8' encoding to copy filtered resources.
2019-11-22 10:23:35,343 [Worker-92: Building workspace] INFO  o.e.m.c.i.embedder.EclipseLogger - Copying 1 resource
2019-11-22 10:23:35,346 [Worker-92: Building workspace] INFO  o.e.m.c.i.embedder.EclipseLogger - Copying 0 resource
2019-11-22 10:23:35,349 [Worker-92: Building workspace] INFO  o.e.m.c.i.embedder.EclipseLogger - Using 'UTF-8' encoding to copy filtered resources.
2019-11-22 10:23:35,349 [Worker-92: Building workspace] INFO  o.e.m.c.i.embedder.EclipseLogger - skip non existing resourceDirectory D:\POC\FarmerSurveyRequest\springapi\FarmerSurveyRequestApi\src\test\resources
2019-11-22 10:34:15,372 [Worker-92: Building workspace] INFO  o.e.m.c.i.embedder.EclipseLogger - Using 'UTF-8' encoding to copy filtered resources.
2019-11-22 10:34:15,373 [Worker-92: Building workspace] INFO  o.e.m.c.i.embedder.EclipseLogger - Copying 1 resource
2019-11-22 10:34:15,375 [Worker-92: Building workspace] INFO  o.e.m.c.i.embedder.EclipseLogger - Copying 0 resource
2019-11-22 10:34:15,380 [Worker-92: Building workspace] INFO  o.e.m.c.i.embedder.EclipseLogger - Using 'UTF-8' encoding to copy filtered resources.
2019-11-22 10:34:15,380 [Worker-92: Building workspace] INFO  o.e.m.c.i.embedder.EclipseLogger - skip non existing resourceDirectory D:\POC\FarmerSurveyRequest\springapi\FarmerSurveyRequestApi\src\test\resources
2019-11-22 10:34:45,751 [Worker-97: Building workspace] INFO  o.e.m.c.i.embedder.EclipseLogger - Using 'UTF-8' encoding to copy filtered resources.
2019-11-22 10:34:45,752 [Worker-97: Building workspace] INFO  o.e.m.c.i.embedder.EclipseLogger - Copying 1 resource
2019-11-22 10:34:45,757 [Worker-97: Building workspace] INFO  o.e.m.c.i.embedder.EclipseLogger - Copying 0 resource
2019-11-22 10:34:45,759 [Worker-97: Building workspace] INFO  o.e.m.c.i.embedder.EclipseLogger - Using 'UTF-8' encoding to copy filtered resources.
2019-11-22 10:34:45,759 [Worker-97: Building workspace] INFO  o.e.m.c.i.embedder.EclipseLogger - skip non existing resourceDirectory D:\POC\FarmerSurveyRequest\springapi\FarmerSurveyRequestApi\src\test\resources
2019-11-22 10:41:08,443 [Worker-99: Building workspace] INFO  o.e.m.c.i.embedder.EclipseLogger - Using 'UTF-8' encoding to copy filtered resources.
2019-11-22 10:41:08,444 [Worker-99: Building workspace] INFO  o.e.m.c.i.embedder.EclipseLogger - Copying 1 resource
2019-11-22 10:41:08,446 [Worker-99: Building workspace] INFO  o.e.m.c.i.embedder.EclipseLogger - Copying 0 resource
2019-11-22 10:41:08,448 [Worker-99: Building workspace] INFO  o.e.m.c.i.embedder.EclipseLogger - Using 'UTF-8' encoding to copy filtered resources.
2019-11-22 10:41:08,449 [Worker-99: Building workspace] INFO  o.e.m.c.i.embedder.EclipseLogger - skip non existing resourceDirectory D:\POC\FarmerSurveyRequest\springapi\FarmerSurveyRequestApi\src\test\resources
2019-11-22 10:41:22,942 [Worker-98: Building workspace] INFO  o.e.m.c.i.embedder.EclipseLogger - Using 'UTF-8' encoding to copy filtered resources.
2019-11-22 10:41:22,944 [Worker-98: Building workspace] INFO  o.e.m.c.i.embedder.EclipseLogger - Copying 1 resource
2019-11-22 10:41:22,955 [Worker-98: Building workspace] INFO  o.e.m.c.i.embedder.EclipseLogger - Copying 0 resource
2019-11-22 10:41:22,957 [Worker-98: Building workspace] INFO  o.e.m.c.i.embedder.EclipseLogger - Using 'UTF-8' encoding to copy filtered resources.
2019-11-22 10:41:22,957 [Worker-98: Building workspace] INFO  o.e.m.c.i.embedder.EclipseLogger - skip non existing resourceDirectory D:\POC\FarmerSurveyRequest\springapi\FarmerSurveyRequestApi\src\test\resources
2019-11-22 10:41:33,327 [Worker-90: Building workspace] INFO  o.e.m.c.i.embedder.EclipseLogger - Using 'UTF-8' encoding to copy filtered resources.
2019-11-22 10:41:33,328 [Worker-90: Building workspace] INFO  o.e.m.c.i.embedder.EclipseLogger - Copying 1 resource
2019-11-22 10:41:33,331 [Worker-90: Building workspace] INFO  o.e.m.c.i.embedder.EclipseLogger - Copying 0 resource
2019-11-22 10:41:33,333 [Worker-90: Building workspace] INFO  o.e.m.c.i.embedder.EclipseLogger - Using 'UTF-8' encoding to copy filtered resources.
2019-11-22 10:41:33,333 [Worker-90: Building workspace] INFO  o.e.m.c.i.embedder.EclipseLogger - skip non existing resourceDirectory D:\POC\FarmerSurveyRequest\springapi\FarmerSurveyRequestApi\src\test\resources
2019-11-22 10:41:45,456 [Worker-90: Building workspace] INFO  o.e.m.c.i.embedder.EclipseLogger - Using 'UTF-8' encoding to copy filtered resources.
2019-11-22 10:41:45,456 [Worker-90: Building workspace] INFO  o.e.m.c.i.embedder.EclipseLogger - Copying 1 resource
2019-11-22 10:41:45,458 [Worker-90: Building workspace] INFO  o.e.m.c.i.embedder.EclipseLogger - Copying 0 resource
2019-11-22 10:41:45,460 [Worker-90: Building workspace] INFO  o.e.m.c.i.embedder.EclipseLogger - Using 'UTF-8' encoding to copy filtered resources.
2019-11-22 10:41:45,460 [Worker-90: Building workspace] INFO  o.e.m.c.i.embedder.EclipseLogger - skip non existing resourceDirectory D:\POC\FarmerSurveyRequest\springapi\FarmerSurveyRequestApi\src\test\resources
2019-11-25 10:07:06,188 [Worker-0: Loading available Gradle versions] INFO  o.e.b.c.i.u.g.PublishedGradleVersions - Gradle version information cache is out-of-date. Trying to update.
2019-11-25 11:59:15,584 [Worker-33: Building workspace] INFO  o.e.m.c.i.embedder.EclipseLogger - Using 'UTF-8' encoding to copy filtered resources.
2019-11-25 11:59:15,596 [Worker-33: Building workspace] INFO  o.e.m.c.i.embedder.EclipseLogger - Copying 1 resource
2019-11-25 11:59:15,609 [Worker-33: Building workspace] INFO  o.e.m.c.i.embedder.EclipseLogger - Copying 0 resource
2019-11-25 11:59:15,612 [Worker-33: Building workspace] INFO  o.e.m.c.i.embedder.EclipseLogger - Using 'UTF-8' encoding to copy filtered resources.
2019-11-25 11:59:15,612 [Worker-33: Building workspace] INFO  o.e.m.c.i.embedder.EclipseLogger - skip non existing resourceDirectory D:\POC\FarmerSurveyRequest\springapi\FarmerSurveyRequestApi\src\test\resources
2019-11-25 12:02:48,004 [Worker-36: Building workspace] INFO  o.e.m.c.i.embedder.EclipseLogger - Using 'UTF-8' encoding to copy filtered resources.
2019-11-25 12:02:48,010 [Worker-36: Building workspace] INFO  o.e.m.c.i.embedder.EclipseLogger - Copying 1 resource
2019-11-25 12:02:48,012 [Worker-36: Building workspace] INFO  o.e.m.c.i.embedder.EclipseLogger - Copying 0 resource
2019-11-25 12:02:48,014 [Worker-36: Building workspace] INFO  o.e.m.c.i.embedder.EclipseLogger - Using 'UTF-8' encoding to copy filtered resources.
2019-11-25 12:02:48,014 [Worker-36: Building workspace] INFO  o.e.m.c.i.embedder.EclipseLogger - skip non existing resourceDirectory D:\POC\FarmerSurveyRequest\springapi\FarmerSurveyRequestApi\src\test\resources
2019-11-25 12:03:29,840 [Worker-33: Building workspace] INFO  o.e.m.c.i.embedder.EclipseLogger - Using 'UTF-8' encoding to copy filtered resources.
2019-11-25 12:03:29,844 [Worker-33: Building workspace] INFO  o.e.m.c.i.embedder.EclipseLogger - Copying 1 resource
2019-11-25 12:03:29,847 [Worker-33: Building workspace] INFO  o.e.m.c.i.embedder.EclipseLogger - Copying 0 resource
2019-11-25 12:03:29,849 [Worker-33: Building workspace] INFO  o.e.m.c.i.embedder.EclipseLogger - Using 'UTF-8' encoding to copy filtered resources.
2019-11-25 12:03:29,849 [Worker-33: Building workspace] INFO  o.e.m.c.i.embedder.EclipseLogger - skip non existing resourceDirectory D:\POC\FarmerSurveyRequest\springapi\FarmerSurveyRequestApi\src\test\resources
2019-11-25 12:03:33,491 [Worker-38: Building workspace] INFO  o.e.m.c.i.embedder.EclipseLogger - Using 'UTF-8' encoding to copy filtered resources.
2019-11-25 12:03:33,492 [Worker-38: Building workspace] INFO  o.e.m.c.i.embedder.EclipseLogger - Copying 1 resource
2019-11-25 12:03:33,495 [Worker-38: Building workspace] INFO  o.e.m.c.i.embedder.EclipseLogger - Copying 0 resource
2019-11-25 12:03:33,497 [Worker-38: Building workspace] INFO  o.e.m.c.i.embedder.EclipseLogger - Using 'UTF-8' encoding to copy filtered resources.
2019-11-25 12:03:33,498 [Worker-38: Building workspace] INFO  o.e.m.c.i.embedder.EclipseLogger - skip non existing resourceDirectory D:\POC\FarmerSurveyRequest\springapi\FarmerSurveyRequestApi\src\test\resources
2019-11-25 12:32:39,580 [Worker-44: Building workspace] INFO  o.e.m.c.i.embedder.EclipseLogger - Using 'UTF-8' encoding to copy filtered resources.
2019-11-25 12:32:39,581 [Worker-44: Building workspace] INFO  o.e.m.c.i.embedder.EclipseLogger - Copying 1 resource
2019-11-25 12:32:39,583 [Worker-44: Building workspace] INFO  o.e.m.c.i.embedder.EclipseLogger - Copying 0 resource
2019-11-25 12:32:39,586 [Worker-44: Building workspace] INFO  o.e.m.c.i.embedder.EclipseLogger - Using 'UTF-8' encoding to copy filtered resources.
2019-11-25 12:32:39,586 [Worker-44: Building workspace] INFO  o.e.m.c.i.embedder.EclipseLogger - skip non existing resourceDirectory D:\POC\FarmerSurveyRequest\springapi\FarmerSurveyRequestApi\src\test\resources
2019-11-25 12:34:03,872 [Worker-44: Building workspace] INFO  o.e.m.c.i.embedder.EclipseLogger - Using 'UTF-8' encoding to copy filtered resources.
2019-11-25 12:34:03,873 [Worker-44: Building workspace] INFO  o.e.m.c.i.embedder.EclipseLogger - Copying 1 resource
2019-11-25 12:34:03,875 [Worker-44: Building workspace] INFO  o.e.m.c.i.embedder.EclipseLogger - Copying 0 resource
2019-11-25 12:34:03,877 [Worker-44: Building workspace] INFO  o.e.m.c.i.embedder.EclipseLogger - Using 'UTF-8' encoding to copy filtered resources.
2019-11-25 12:34:03,877 [Worker-44: Building workspace] INFO  o.e.m.c.i.embedder.EclipseLogger - skip non existing resourceDirectory D:\POC\FarmerSurveyRequest\springapi\FarmerSurveyRequestApi\src\test\resources
2019-11-25 14:47:21,350 [Worker-68: Building workspace] INFO  o.e.m.c.i.embedder.EclipseLogger - Using 'UTF-8' encoding to copy filtered resources.
2019-11-25 14:47:21,352 [Worker-68: Building workspace] INFO  o.e.m.c.i.embedder.EclipseLogger - Copying 1 resource
2019-11-25 14:47:21,355 [Worker-68: Building workspace] INFO  o.e.m.c.i.embedder.EclipseLogger - Copying 0 resource
2019-11-25 14:47:21,358 [Worker-68: Building workspace] INFO  o.e.m.c.i.embedder.EclipseLogger - Using 'UTF-8' encoding to copy filtered resources.
2019-11-25 14:47:21,359 [Worker-68: Building workspace] INFO  o.e.m.c.i.embedder.EclipseLogger - skip non existing resourceDirectory D:\POC\FarmerSurveyRequest\springapi\FarmerSurveyRequestApi\src\test\resources
2019-11-25 14:49:09,658 [Worker-66: Building workspace] INFO  o.e.m.c.i.embedder.EclipseLogger - Using 'UTF-8' encoding to copy filtered resources.
2019-11-25 14:49:09,658 [Worker-66: Building workspace] INFO  o.e.m.c.i.embedder.EclipseLogger - Copying 1 resource
2019-11-25 14:49:09,660 [Worker-66: Building workspace] INFO  o.e.m.c.i.embedder.EclipseLogger - Copying 0 resource
2019-11-25 14:49:09,664 [Worker-66: Building workspace] INFO  o.e.m.c.i.embedder.EclipseLogger - Using 'UTF-8' encoding to copy filtered resources.
2019-11-25 14:49:09,664 [Worker-66: Building workspace] INFO  o.e.m.c.i.embedder.EclipseLogger - skip non existing resourceDirectory D:\POC\FarmerSurveyRequest\springapi\FarmerSurveyRequestApi\src\test\resources
2019-11-25 14:49:43,570 [Worker-67: Building workspace] INFO  o.e.m.c.i.embedder.EclipseLogger - Using 'UTF-8' encoding to copy filtered resources.
2019-11-25 14:49:43,571 [Worker-67: Building workspace] INFO  o.e.m.c.i.embedder.EclipseLogger - Copying 1 resource
2019-11-25 14:49:43,582 [Worker-67: Building workspace] INFO  o.e.m.c.i.embedder.EclipseLogger - Copying 0 resource
2019-11-25 14:49:43,585 [Worker-67: Building workspace] INFO  o.e.m.c.i.embedder.EclipseLogger - Using 'UTF-8' encoding to copy filtered resources.
2019-11-25 14:49:43,585 [Worker-67: Building workspace] INFO  o.e.m.c.i.embedder.EclipseLogger - skip non existing resourceDirectory D:\POC\FarmerSurveyRequest\springapi\FarmerSurveyRequestApi\src\test\resources
2019-11-25 14:52:19,329 [Worker-69: Building workspace] INFO  o.e.m.c.i.embedder.EclipseLogger - Using 'UTF-8' encoding to copy filtered resources.
2019-11-25 14:52:19,330 [Worker-69: Building workspace] INFO  o.e.m.c.i.embedder.EclipseLogger - Copying 1 resource
2019-11-25 14:52:19,331 [Worker-69: Building workspace] INFO  o.e.m.c.i.embedder.EclipseLogger - Copying 0 resource
2019-11-25 14:52:19,334 [Worker-69: Building workspace] INFO  o.e.m.c.i.embedder.EclipseLogger - Using 'UTF-8' encoding to copy filtered resources.
2019-11-25 14:52:19,334 [Worker-69: Building workspace] INFO  o.e.m.c.i.embedder.EclipseLogger - skip non existing resourceDirectory D:\POC\FarmerSurveyRequest\springapi\FarmerSurveyRequestApi\src\test\resources
2019-11-25 14:52:22,448 [Worker-71: Building workspace] INFO  o.e.m.c.i.embedder.EclipseLogger - Using 'UTF-8' encoding to copy filtered resources.
2019-11-25 14:52:22,449 [Worker-71: Building workspace] INFO  o.e.m.c.i.embedder.EclipseLogger - Copying 1 resource
2019-11-25 14:52:22,450 [Worker-71: Building workspace] INFO  o.e.m.c.i.embedder.EclipseLogger - Copying 0 resource
2019-11-25 14:52:22,454 [Worker-71: Building workspace] INFO  o.e.m.c.i.embedder.EclipseLogger - Using 'UTF-8' encoding to copy filtered resources.
2019-11-25 14:52:22,454 [Worker-71: Building workspace] INFO  o.e.m.c.i.embedder.EclipseLogger - skip non existing resourceDirectory D:\POC\FarmerSurveyRequest\springapi\FarmerSurveyRequestApi\src\test\resources
2019-11-26 10:22:20,809 [Worker-106: Building workspace] INFO  o.e.m.c.i.embedder.EclipseLogger - Using 'UTF-8' encoding to copy filtered resources.
2019-11-26 10:22:20,814 [Worker-106: Building workspace] INFO  o.e.m.c.i.embedder.EclipseLogger - Copying 1 resource
2019-11-26 10:22:20,816 [Worker-106: Building workspace] INFO  o.e.m.c.i.embedder.EclipseLogger - Copying 0 resource
2019-11-26 10:22:20,818 [Worker-106: Building workspace] INFO  o.e.m.c.i.embedder.EclipseLogger - Using 'UTF-8' encoding to copy filtered resources.
2019-11-26 10:22:20,819 [Worker-106: Building workspace] INFO  o.e.m.c.i.embedder.EclipseLogger - skip non existing resourceDirectory D:\POC\FarmerSurveyRequest\springapi\FarmerSurveyRequestApi\src\test\resources
2019-11-26 10:23:48,765 [Worker-120: Building workspace] INFO  o.e.m.c.i.embedder.EclipseLogger - Using 'UTF-8' encoding to copy filtered resources.
2019-11-26 10:23:48,766 [Worker-120: Building workspace] INFO  o.e.m.c.i.embedder.EclipseLogger - Copying 1 resource
2019-11-26 10:23:48,767 [Worker-120: Building workspace] INFO  o.e.m.c.i.embedder.EclipseLogger - Copying 0 resource
2019-11-26 10:23:48,769 [Worker-120: Building workspace] INFO  o.e.m.c.i.embedder.EclipseLogger - Using 'UTF-8' encoding to copy filtered resources.
2019-11-26 10:23:48,769 [Worker-120: Building workspace] INFO  o.e.m.c.i.embedder.EclipseLogger - skip non existing resourceDirectory D:\POC\FarmerSurveyRequest\springapi\FarmerSurveyRequestApi\src\test\resources
2019-11-26 10:23:54,366 [Worker-120: Building workspace] INFO  o.e.m.c.i.embedder.EclipseLogger - Using 'UTF-8' encoding to copy filtered resources.
2019-11-26 10:23:54,367 [Worker-120: Building workspace] INFO  o.e.m.c.i.embedder.EclipseLogger - Copying 1 resource
2019-11-26 10:23:54,369 [Worker-120: Building workspace] INFO  o.e.m.c.i.embedder.EclipseLogger - Copying 0 resource
2019-11-26 10:23:54,372 [Worker-120: Building workspace] INFO  o.e.m.c.i.embedder.EclipseLogger - Using 'UTF-8' encoding to copy filtered resources.
2019-11-26 10:23:54,372 [Worker-120: Building workspace] INFO  o.e.m.c.i.embedder.EclipseLogger - skip non existing resourceDirectory D:\POC\FarmerSurveyRequest\springapi\FarmerSurveyRequestApi\src\test\resources
2019-11-26 15:41:54,710 [Worker-4: Loading available Gradle versions] INFO  o.e.b.c.i.u.g.PublishedGradleVersions - Gradle version information cache is out-of-date. Trying to update.
2019-11-26 15:56:57,810 [Worker-16: Building workspace] INFO  o.e.m.c.i.embedder.EclipseLogger - Using 'UTF-8' encoding to copy filtered resources.
2019-11-26 15:56:57,821 [Worker-16: Building workspace] INFO  o.e.m.c.i.embedder.EclipseLogger - Copying 1 resource
2019-11-26 15:56:57,837 [Worker-16: Building workspace] INFO  o.e.m.c.i.embedder.EclipseLogger - Copying 0 resource
2019-11-26 15:56:57,840 [Worker-16: Building workspace] INFO  o.e.m.c.i.embedder.EclipseLogger - Using 'UTF-8' encoding to copy filtered resources.
2019-11-26 15:56:57,841 [Worker-16: Building workspace] INFO  o.e.m.c.i.embedder.EclipseLogger - skip non existing resourceDirectory D:\POC\FarmerSurveyRequest\springapi\FarmerSurveyRequestApi\src\test\resources
2019-11-27 17:18:18,385 [Worker-136: Building workspace] INFO  o.e.m.c.i.embedder.EclipseLogger - Using 'UTF-8' encoding to copy filtered resources.
2019-11-27 17:18:18,395 [Worker-136: Building workspace] INFO  o.e.m.c.i.embedder.EclipseLogger - Copying 1 resource
2019-11-27 17:18:18,398 [Worker-136: Building workspace] INFO  o.e.m.c.i.embedder.EclipseLogger - Copying 0 resource
